<?xml version="1.0" encoding="UTF-8"?>
<testsuite xmlns:xsi="http://www.w3.org/2001/XMLSchema-instance" xsi:noNamespaceSchemaLocation="https://maven.apache.org/surefire/maven-surefire-plugin/xsd/surefire-test-report-3.0.xsd" version="3.0" name="com.dirtygang.factionsrecruit.TitleNormalizationTest" time="0.062" tests="18" errors="0" skipped="0" failures="0">
  <properties>
[...]
</properties>
  <testcase name="testSmallCapsConversionMixed" classname="com.dirtygang.factionsrecruit.TitleNormalizationTest" time="0.002"/>
  <testcase name="testCaseInsensitiveMatching" classname="com.dirtygang.factionsrecruit.TitleNormalizationTest" time="0.002"/>
  <testcase name="testTitleNormalizationPlainText" classname="com.dirtygang.factionsrecruit.TitleNormalizationTest" time="0.001"/>
  <testcase name="testTitleNormalizationNull" classname="com.dirtygang.factionsrecruit.TitleNormalizationTest" time="0.001"/>
  <testcase name="testTitleMatchingPipeline" classname="com.dirtygang.factionsrecruit.TitleNormalizationTest" time="0.001"/>
  <testcase name="testFactionSpecificTitles" classname="com.dirtygang.factionsrecruit.TitleNormalizationTest" time="0.001"/>
  <testcase name="testSpecialCharacterHandling" classname="com.dirtygang.factionsrecruit.TitleNormalizationTest" time="0.001"/>
  <testcase name="testTitleNormalizationPerformance" classname="com.dirtygang.factionsrecruit.TitleNormalizationTest" time="0.031"/>
  <testcase name="testSmallCapsToNormalConversion" classname="com.dirtygang.factionsrecruit.TitleNormalizationTest" time="0.002"/>
  <testcase name="testTitleNormalizationWhitespace" classname="com.dirtygang.factionsrecruit.TitleNormalizationTest" time="0.001"/>
  <testcase name="testSmallCapsConversionEdgeCases" classname="com.dirtygang.factionsrecruit.TitleNormalizationTest" time="0.001"/>
  <testcase name="testCommonGUITitles" classname="com.dirtygang.factionsrecruit.TitleNormalizationTest" time="0.001"/>
  <testcase name="testTitleNormalizationEmpty" classname="com.dirtygang.factionsrecruit.TitleNormalizationTest" time="0.001"/>
  <testcase name="testServerTitleNormalizationComplex" classname="com.dirtygang.factionsrecruit.TitleNormalizationTest" time="0.001"/>
  <testcase name="testServerTitleNormalizationArrows" classname="com.dirtygang.factionsrecruit.TitleNormalizationTest" time="0"/>
  <testcase name="testGradientColorStripping" classname="com.dirtygang.factionsrecruit.TitleNormalizationTest" time="0"/>
  <testcase name="testPlayerSpecificTitles" classname="com.dirtygang.factionsrecruit.TitleNormalizationTest" time="0.001"/>
  <testcase name="testColorStripping" classname="com.dirtygang.factionsrecruit.TitleNormalizationTest" time="0.001"/>
</testsuite>