<?xml version="1.0" encoding="UTF-8"?>
<testsuite xmlns:xsi="http://www.w3.org/2001/XMLSchema-instance" xsi:noNamespaceSchemaLocation="https://maven.apache.org/surefire/maven-surefire-plugin/xsd/surefire-test-report-3.0.xsd" version="3.0" name="com.dirtygang.factionsrecruit.PlayerListenerTest" time="1.798" tests="20" errors="0" skipped="0" failures="0">
  <properties>
[...]
</properties>
  <testcase name="testCaseInsensitiveTitleMatching" classname="com.dirtygang.factionsrecruit.PlayerListenerTest" time="1.538"/>
  <testcase name="testMainMenuTitleMatching" classname="com.dirtygang.factionsrecruit.PlayerListenerTest" time="0.07"/>
  <testcase name="testHelpGUITitleDetection" classname="com.dirtygang.factionsrecruit.PlayerListenerTest" time="0.008"/>
  <testcase name="testNullItemHandling" classname="com.dirtygang.factionsrecruit.PlayerListenerTest" time="0.008"/>
  <testcase name="testTitleNormalization" classname="com.dirtygang.factionsrecruit.PlayerListenerTest" time="0.007"/>
  <testcase name="testPendingApplicationsTitleDetection" classname="com.dirtygang.factionsrecruit.PlayerListenerTest" time="0.006"/>
  <testcase name="testEmptyAndNullTitleHandling" classname="com.dirtygang.factionsrecruit.PlayerListenerTest" time="0.004"/>
  <testcase name="testAllGUITypesConsistency" classname="com.dirtygang.factionsrecruit.PlayerListenerTest" time="0.011"/>
  <testcase name="testSpecialCharacterPreservation" classname="com.dirtygang.factionsrecruit.PlayerListenerTest" time="0.005"/>
  <testcase name="testWhitespaceHandling" classname="com.dirtygang.factionsrecruit.PlayerListenerTest" time="0.004"/>
  <testcase name="testSmallCapsConversion" classname="com.dirtygang.factionsrecruit.PlayerListenerTest" time="0.005"/>
  <testcase name="testAirMaterialHandling" classname="com.dirtygang.factionsrecruit.PlayerListenerTest" time="0.008"/>
  <testcase name="testFactionSpecificTitleDetection" classname="com.dirtygang.factionsrecruit.PlayerListenerTest" time="0.004"/>
  <testcase name="testTitleNormalizationPerformance" classname="com.dirtygang.factionsrecruit.PlayerListenerTest" time="0.07"/>
  <testcase name="testResumeEditorTitleDetection" classname="com.dirtygang.factionsrecruit.PlayerListenerTest" time="0.004"/>
  <testcase name="testComplexDecoratedTitles" classname="com.dirtygang.factionsrecruit.PlayerListenerTest" time="0.004"/>
  <testcase name="testPlayerProfileTitleDetection" classname="com.dirtygang.factionsrecruit.PlayerListenerTest" time="0.004"/>
  <testcase name="testRequirementsEditorTitleDetection" classname="com.dirtygang.factionsrecruit.PlayerListenerTest" time="0.003"/>
  <testcase name="testColorStripping" classname="com.dirtygang.factionsrecruit.PlayerListenerTest" time="0.004"/>
  <testcase name="testProfileManagerTitleDetection" classname="com.dirtygang.factionsrecruit.PlayerListenerTest" time="0.003"/>
</testsuite>